{"/home/felipe/bigtrade/felipe_user_crud_aws/src/infrastructure/dynamodb.table.ts": {"path":"/home/felipe/bigtrade/felipe_user_crud_aws/src/infrastructure/dynamodb.table.ts","statementMap":{"0":{"start":{"line":1,"column":0},"end":{"line":1,"column":null}},"1":{"start":{"line":6,"column":0},"end":{"line":6,"column":null}},"2":{"start":{"line":18,"column":24},"end":{"line":22,"column":2}},"3":{"start":{"line":24,"column":26},"end":{"line":26,"column":2}},"4":{"start":{"line":28,"column":23},"end":{"line":30,"column":2}},"5":{"start":{"line":32,"column":15},"end":{"line":35,"column":2}},"6":{"start":{"line":40,"column":23},"end":{"line":40,"column":40}},"7":{"start":{"line":38,"column":11},"end":{"line":38,"column":27}},"8":{"start":{"line":43,"column":19},"end":{"line":48,"column":6}},"9":{"start":{"line":50,"column":4},"end":{"line":50,"column":54}},"10":{"start":{"line":54,"column":19},"end":{"line":59,"column":6}},"11":{"start":{"line":61,"column":4},"end":{"line":61,"column":54}},"12":{"start":{"line":66,"column":23},"end":{"line":71,"column":null}},"13":{"start":{"line":74,"column":19},"end":{"line":74,"column":58}},"14":{"start":{"line":76,"column":4},"end":{"line":76,"column":54}},"15":{"start":{"line":80,"column":19},"end":{"line":82,"column":null}},"16":{"start":{"line":84,"column":4},"end":{"line":84,"column":18}},"17":{"start":{"line":88,"column":19},"end":{"line":94,"column":6}},"18":{"start":{"line":95,"column":4},"end":{"line":95,"column":43}},"19":{"start":{"line":99,"column":36},"end":{"line":102,"column":6}},"20":{"start":{"line":103,"column":19},"end":{"line":103,"column":48}},"21":{"start":{"line":104,"column":4},"end":{"line":104,"column":40}},"22":{"start":{"line":37,"column":0},"end":{"line":37,"column":13}}},"fnMap":{"0":{"name":"(anonymous_0)","decl":{"start":{"line":40,"column":2},"end":{"line":40,"column":23}},"loc":{"start":{"line":40,"column":40},"end":{"line":40,"column":44}}},"1":{"name":"(anonymous_1)","decl":{"start":{"line":42,"column":2},"end":{"line":42,"column":7}},"loc":{"start":{"line":42,"column":35},"end":{"line":51,"column":3}}},"2":{"name":"(anonymous_2)","decl":{"start":{"line":53,"column":2},"end":{"line":53,"column":7}},"loc":{"start":{"line":53,"column":47},"end":{"line":62,"column":3}}},"3":{"name":"(anonymous_3)","decl":{"start":{"line":64,"column":2},"end":{"line":64,"column":7}},"loc":{"start":{"line":64,"column":54},"end":{"line":77,"column":3}}},"4":{"name":"(anonymous_4)","decl":{"start":{"line":79,"column":2},"end":{"line":79,"column":7}},"loc":{"start":{"line":79,"column":48},"end":{"line":85,"column":3}}},"5":{"name":"(anonymous_5)","decl":{"start":{"line":87,"column":2},"end":{"line":87,"column":7}},"loc":{"start":{"line":87,"column":28},"end":{"line":96,"column":3}}},"6":{"name":"(anonymous_6)","decl":{"start":{"line":98,"column":2},"end":{"line":98,"column":7}},"loc":{"start":{"line":98,"column":39},"end":{"line":105,"column":3}}}},"branchMap":{"0":{"loc":{"start":{"line":29,"column":10},"end":{"line":29,"column":47}},"type":"binary-expr","locations":[{"start":{"line":29,"column":10},"end":{"line":29,"column":32}},{"start":{"line":29,"column":36},"end":{"line":29,"column":47}}]}},"s":{"0":1,"1":1,"2":1,"3":1,"4":1,"5":1,"6":0,"7":0,"8":0,"9":0,"10":0,"11":0,"12":0,"13":0,"14":0,"15":0,"16":0,"17":0,"18":0,"19":0,"20":0,"21":0,"22":1},"f":{"0":0,"1":0,"2":0,"3":0,"4":0,"5":0,"6":0},"b":{"0":[1,1]}}
,"/home/felipe/bigtrade/felipe_user_crud_aws/src/infrastructure/s3-bucket.ts": {"path":"/home/felipe/bigtrade/felipe_user_crud_aws/src/infrastructure/s3-bucket.ts","statementMap":{"0":{"start":{"line":1,"column":0},"end":{"line":1,"column":null}},"1":{"start":{"line":15,"column":0},"end":{"line":15,"column":61}},"2":{"start":{"line":17,"column":0},"end":{"line":17,"column":83}},"3":{"start":{"line":20,"column":23},"end":{"line":20,"column":41}},"4":{"start":{"line":21,"column":13},"end":{"line":21,"column":22}},"5":{"start":{"line":27,"column":17},"end":{"line":27,"column":21}},"6":{"start":{"line":29,"column":4},"end":{"line":45,"column":5}},"7":{"start":{"line":30,"column":22},"end":{"line":33,"column":8}},"8":{"start":{"line":34,"column":6},"end":{"line":36,"column":9}},"9":{"start":{"line":38,"column":22},"end":{"line":41,"column":8}},"10":{"start":{"line":42,"column":6},"end":{"line":44,"column":9}},"11":{"start":{"line":49,"column":18},"end":{"line":52,"column":6}},"12":{"start":{"line":53,"column":20},"end":{"line":53,"column":50}},"13":{"start":{"line":54,"column":19},"end":{"line":54,"column":50}},"14":{"start":{"line":55,"column":4},"end":{"line":55,"column":18}},"15":{"start":{"line":59,"column":18},"end":{"line":62,"column":6}},"16":{"start":{"line":63,"column":20},"end":{"line":63,"column":47}},"17":{"start":{"line":64,"column":19},"end":{"line":64,"column":50}},"18":{"start":{"line":65,"column":4},"end":{"line":65,"column":51}},"19":{"start":{"line":69,"column":20},"end":{"line":72,"column":6}},"20":{"start":{"line":73,"column":21},"end":{"line":73,"column":52}},"21":{"start":{"line":74,"column":4},"end":{"line":74,"column":58}},"22":{"start":{"line":74,"column":24},"end":{"line":74,"column":58}},"23":{"start":{"line":75,"column":4},"end":{"line":75,"column":45}},"24":{"start":{"line":79,"column":20},"end":{"line":82,"column":6}},"25":{"start":{"line":83,"column":21},"end":{"line":83,"column":52}},"26":{"start":{"line":84,"column":4},"end":{"line":84,"column":58}},"27":{"start":{"line":84,"column":24},"end":{"line":84,"column":58}},"28":{"start":{"line":85,"column":4},"end":{"line":85,"column":20}},"29":{"start":{"line":89,"column":18},"end":{"line":93,"column":6}},"30":{"start":{"line":94,"column":20},"end":{"line":94,"column":47}},"31":{"start":{"line":95,"column":19},"end":{"line":95,"column":50}},"32":{"start":{"line":96,"column":4},"end":{"line":96,"column":18}},"33":{"start":{"line":100,"column":4},"end":{"line":110,"column":5}},"34":{"start":{"line":101,"column":44},"end":{"line":105,"column":8}},"35":{"start":{"line":106,"column":6},"end":{"line":106,"column":59}},"36":{"start":{"line":107,"column":6},"end":{"line":107,"column":61}},"37":{"start":{"line":109,"column":6},"end":{"line":109,"column":53}},"38":{"start":{"line":113,"column":18},"end":{"line":116,"column":6}},"39":{"start":{"line":117,"column":20},"end":{"line":117,"column":49}},"40":{"start":{"line":118,"column":19},"end":{"line":118,"column":50}},"41":{"start":{"line":119,"column":4},"end":{"line":119,"column":18}},"42":{"start":{"line":123,"column":18},"end":{"line":126,"column":6}},"43":{"start":{"line":127,"column":20},"end":{"line":127,"column":48}},"44":{"start":{"line":128,"column":19},"end":{"line":128,"column":50}},"45":{"start":{"line":129,"column":4},"end":{"line":129,"column":18}},"46":{"start":{"line":133,"column":26},"end":{"line":133,"column":57}},"47":{"start":{"line":134,"column":4},"end":{"line":134,"column":52}},"48":{"start":{"line":134,"column":45},"end":{"line":134,"column":52}},"49":{"start":{"line":136,"column":25},"end":{"line":139,"column":6}},"50":{"start":{"line":141,"column":4},"end":{"line":143,"column":7}},"51":{"start":{"line":142,"column":6},"end":{"line":142,"column":48}},"52":{"start":{"line":145,"column":4},"end":{"line":145,"column":64}},"53":{"start":{"line":147,"column":4},"end":{"line":147,"column":70}},"54":{"start":{"line":147,"column":35},"end":{"line":147,"column":70}},"55":{"start":{"line":19,"column":0},"end":{"line":19,"column":13}}},"fnMap":{"0":{"name":"(anonymous_0)","decl":{"start":{"line":20,"column":2},"end":{"line":20,"column":23}},"loc":{"start":{"line":21,"column":57},"end":{"line":22,"column":6}}},"1":{"name":"(anonymous_1)","decl":{"start":{"line":23,"column":2},"end":{"line":23,"column":7}},"loc":{"start":{"line":25,"column":35},"end":{"line":46,"column":3}}},"2":{"name":"(anonymous_2)","decl":{"start":{"line":48,"column":2},"end":{"line":48,"column":7}},"loc":{"start":{"line":48,"column":32},"end":{"line":56,"column":3}}},"3":{"name":"(anonymous_3)","decl":{"start":{"line":58,"column":2},"end":{"line":58,"column":7}},"loc":{"start":{"line":58,"column":50},"end":{"line":66,"column":3}}},"4":{"name":"(anonymous_4)","decl":{"start":{"line":68,"column":2},"end":{"line":68,"column":7}},"loc":{"start":{"line":68,"column":27},"end":{"line":76,"column":3}}},"5":{"name":"(anonymous_5)","decl":{"start":{"line":78,"column":2},"end":{"line":78,"column":7}},"loc":{"start":{"line":78,"column":33},"end":{"line":86,"column":3}}},"6":{"name":"(anonymous_6)","decl":{"start":{"line":88,"column":2},"end":{"line":88,"column":7}},"loc":{"start":{"line":88,"column":43},"end":{"line":97,"column":3}}},"7":{"name":"(anonymous_7)","decl":{"start":{"line":99,"column":2},"end":{"line":99,"column":7}},"loc":{"start":{"line":99,"column":44},"end":{"line":111,"column":3}}},"8":{"name":"(anonymous_8)","decl":{"start":{"line":112,"column":2},"end":{"line":112,"column":7}},"loc":{"start":{"line":112,"column":32},"end":{"line":120,"column":3}}},"9":{"name":"(anonymous_9)","decl":{"start":{"line":122,"column":2},"end":{"line":122,"column":7}},"loc":{"start":{"line":122,"column":31},"end":{"line":130,"column":3}}},"10":{"name":"(anonymous_10)","decl":{"start":{"line":132,"column":2},"end":{"line":132,"column":7}},"loc":{"start":{"line":132,"column":38},"end":{"line":148,"column":3}}},"11":{"name":"(anonymous_11)","decl":{"start":{"line":141,"column":35},"end":{"line":141,"column":36}},"loc":{"start":{"line":141,"column":47},"end":{"line":143,"column":5}}}},"branchMap":{"0":{"loc":{"start":{"line":21,"column":13},"end":{"line":21,"column":57}},"type":"default-arg","locations":[{"start":{"line":21,"column":22},"end":{"line":21,"column":57}}]},"1":{"loc":{"start":{"line":29,"column":4},"end":{"line":45,"column":5}},"type":"if","locations":[{"start":{"line":29,"column":4},"end":{"line":45,"column":5}},{"start":{"line":37,"column":11},"end":{"line":45,"column":5}}]},"2":{"loc":{"start":{"line":58,"column":31},"end":{"line":58,"column":50}},"type":"default-arg","locations":[{"start":{"line":58,"column":42},"end":{"line":58,"column":50}}]},"3":{"loc":{"start":{"line":74,"column":4},"end":{"line":74,"column":58}},"type":"if","locations":[{"start":{"line":74,"column":4},"end":{"line":74,"column":58}}]},"4":{"loc":{"start":{"line":84,"column":4},"end":{"line":84,"column":58}},"type":"if","locations":[{"start":{"line":84,"column":4},"end":{"line":84,"column":58}}]},"5":{"loc":{"start":{"line":134,"column":4},"end":{"line":134,"column":52}},"type":"if","locations":[{"start":{"line":134,"column":4},"end":{"line":134,"column":52}}]},"6":{"loc":{"start":{"line":147,"column":4},"end":{"line":147,"column":70}},"type":"if","locations":[{"start":{"line":147,"column":4},"end":{"line":147,"column":70}}]}},"s":{"0":1,"1":1,"2":1,"3":1,"4":1,"5":0,"6":0,"7":0,"8":0,"9":0,"10":0,"11":0,"12":0,"13":0,"14":0,"15":0,"16":0,"17":0,"18":0,"19":0,"20":0,"21":0,"22":0,"23":0,"24":0,"25":0,"26":0,"27":0,"28":0,"29":0,"30":0,"31":0,"32":0,"33":0,"34":0,"35":0,"36":0,"37":0,"38":0,"39":0,"40":0,"41":0,"42":0,"43":0,"44":0,"45":0,"46":0,"47":0,"48":0,"49":0,"50":0,"51":0,"52":0,"53":0,"54":0,"55":1},"f":{"0":1,"1":0,"2":0,"3":0,"4":0,"5":0,"6":0,"7":0,"8":0,"9":0,"10":0,"11":0},"b":{"0":[1],"1":[0,0],"2":[0],"3":[0],"4":[0],"5":[0],"6":[0]}}
,"/home/felipe/bigtrade/felipe_user_crud_aws/src/infrastructure/interface/s3-interface.ts": {"path":"/home/felipe/bigtrade/felipe_user_crud_aws/src/infrastructure/interface/s3-interface.ts","statementMap":{"0":{"start":{"line":19,"column":0},"end":{"line":19,"column":null}},"1":{"start":{"line":20,"column":2},"end":{"line":20,"column":null}},"2":{"start":{"line":21,"column":2},"end":{"line":21,"column":null}}},"fnMap":{"0":{"name":"(anonymous_0)","decl":{"start":{"line":19,"column":0},"end":{"line":19,"column":12}},"loc":{"start":{"line":19,"column":32},"end":{"line":22,"column":1}}}},"branchMap":{"0":{"loc":{"start":{"line":19,"column":12},"end":{"line":19,"column":null}},"type":"binary-expr","locations":[{"start":{"line":19,"column":12},"end":{"line":19,"column":32}},{"start":{"line":19,"column":32},"end":{"line":19,"column":null}}]}},"s":{"0":1,"1":1,"2":1},"f":{"0":1},"b":{"0":[1,1]}}
}
