TN:
SF:src/infrastructure/dynamodb.table.ts
FN:40,(anonymous_0)
FN:42,(anonymous_1)
FN:53,(anonymous_2)
FN:64,(anonymous_3)
FN:79,(anonymous_4)
FN:87,(anonymous_5)
FN:98,(anonymous_6)
FNF:7
FNH:0
FNDA:0,(anonymous_0)
FNDA:0,(anonymous_1)
FNDA:0,(anonymous_2)
FNDA:0,(anonymous_3)
FNDA:0,(anonymous_4)
FNDA:0,(anonymous_5)
FNDA:0,(anonymous_6)
DA:1,1
DA:6,1
DA:18,1
DA:24,1
DA:28,1
DA:32,1
DA:37,1
DA:38,0
DA:40,0
DA:43,0
DA:50,0
DA:54,0
DA:61,0
DA:66,0
DA:74,0
DA:76,0
DA:80,0
DA:84,0
DA:88,0
DA:95,0
DA:99,0
DA:103,0
DA:104,0
LF:23
LH:7
BRDA:29,0,0,1
BRDA:29,0,1,1
BRF:2
BRH:2
end_of_record
TN:
SF:src/infrastructure/s3-bucket.ts
FN:20,(anonymous_0)
FN:23,(anonymous_1)
FN:48,(anonymous_2)
FN:58,(anonymous_3)
FN:68,(anonymous_4)
FN:78,(anonymous_5)
FN:88,(anonymous_6)
FN:99,(anonymous_7)
FN:112,(anonymous_8)
FN:122,(anonymous_9)
FN:132,(anonymous_10)
FN:141,(anonymous_11)
FNF:12
FNH:1
FNDA:1,(anonymous_0)
FNDA:0,(anonymous_1)
FNDA:0,(anonymous_2)
FNDA:0,(anonymous_3)
FNDA:0,(anonymous_4)
FNDA:0,(anonymous_5)
FNDA:0,(anonymous_6)
FNDA:0,(anonymous_7)
FNDA:0,(anonymous_8)
FNDA:0,(anonymous_9)
FNDA:0,(anonymous_10)
FNDA:0,(anonymous_11)
DA:1,1
DA:15,1
DA:17,1
DA:19,1
DA:20,1
DA:21,1
DA:27,0
DA:29,0
DA:30,0
DA:34,0
DA:38,0
DA:42,0
DA:49,0
DA:53,0
DA:54,0
DA:55,0
DA:59,0
DA:63,0
DA:64,0
DA:65,0
DA:69,0
DA:73,0
DA:74,0
DA:75,0
DA:79,0
DA:83,0
DA:84,0
DA:85,0
DA:89,0
DA:94,0
DA:95,0
DA:96,0
DA:100,0
DA:101,0
DA:106,0
DA:107,0
DA:109,0
DA:113,0
DA:117,0
DA:118,0
DA:119,0
DA:123,0
DA:127,0
DA:128,0
DA:129,0
DA:133,0
DA:134,0
DA:136,0
DA:141,0
DA:142,0
DA:145,0
DA:147,0
LF:52
LH:6
BRDA:21,0,0,1
BRDA:29,1,0,0
BRDA:29,1,1,0
BRDA:58,2,0,0
BRDA:74,3,0,0
BRDA:84,4,0,0
BRDA:134,5,0,0
BRDA:147,6,0,0
BRF:8
BRH:1
end_of_record
TN:
SF:src/infrastructure/interface/s3-interface.ts
FN:19,(anonymous_0)
FNF:1
FNH:1
FNDA:1,(anonymous_0)
DA:19,1
DA:20,1
DA:21,1
LF:3
LH:3
BRDA:19,0,0,1
BRDA:19,0,1,1
BRF:2
BRH:2
end_of_record
